folder_cleaner/app/build/intermediates/manifest_merge_blame_file/debug/processDebugMainManifest/manifest-merger-blame-debug-report.txt
1<?xml version="1.0" encoding="utf-8"?>
2<manifest xmlns:android="http://schemas.android.com/apk/res/android"
3    package="com.example.foldercleaner"
4    android:versionCode="1"
5    android:versionName="1.0" >
6
7    <uses-sdk
8        android:minSdkVersion="32"
9        android:targetSdkVersion="35" />
10
11    <uses-permission
11-->src\main\AndroidManifest.xml:5:5-107
12        android:name="android.permission.READ_EXTERNAL_STORAGE"
12-->src\main\AndroidManifest.xml:5:22-77
13        android:maxSdkVersion="32" />
13-->src\main\AndroidManifest.xml:5:78-104
14    <uses-permission
14-->src\main\AndroidManifest.xml:6:5-108
15        android:name="android.permission.WRITE_EXTERNAL_STORAGE"
15-->src\main\AndroidManifest.xml:6:22-78
16        android:maxSdkVersion="32" />
16-->src\main\AndroidManifest.xml:6:79-105
17    <uses-permission android:name="android.permission.POST_NOTIFICATIONS" />
17-->src\main\AndroidManifest.xml:7:5-77
17-->src\main\AndroidManifest.xml:7:22-74
18    <uses-permission android:name="android.permission.MANAGE_EXTERNAL_STORAGE" />
18-->src\main\AndroidManifest.xml:8:5-10:40
18-->src\main\AndroidManifest.xml:9:9-66
19    <uses-permission android:name="android.permission.WAKE_LOCK" />
19-->[androidx.work:work-runtime:2.10.0] AndroidManifest.xml:23:5-68
19-->[androidx.work:work-runtime:2.10.0] AndroidManifest.xml:23:22-65
20    <uses-permission android:name="android.permission.ACCESS_NETWORK_STATE" />
20-->[androidx.work:work-runtime:2.10.0] AndroidManifest.xml:24:5-79
20-->[androidx.work:work-runtime:2.10.0] AndroidManifest.xml:24:22-76
21    <uses-permission android:name="android.permission.RECEIVE_BOOT_COMPLETED" />
21-->[androidx.work:work-runtime:2.10.0] AndroidManifest.xml:25:5-81
21-->[androidx.work:work-runtime:2.10.0] AndroidManifest.xml:25:22-78
22    <uses-permission android:name="android.permission.FOREGROUND_SERVICE" />
22-->[androidx.work:work-runtime:2.10.0] AndroidManifest.xml:26:5-77
22-->[androidx.work:work-runtime:2.10.0] AndroidManifest.xml:26:22-74
23
24    <permission
24-->[androidx.core:core:1.15.0] AndroidManifest.xml:22:5-24:47
25        android:name="com.example.foldercleaner.DYNAMIC_RECEIVER_NOT_EXPORTED_PERMISSION"
25-->[androidx.core:core:1.15.0] AndroidManifest.xml:23:9-81
26        android:protectionLevel="signature" />
26-->[androidx.core:core:1.15.0] AndroidManifest.xml:24:9-44
27
28    <uses-permission android:name="com.example.foldercleaner.DYNAMIC_RECEIVER_NOT_EXPORTED_PERMISSION" />
28-->[androidx.core:core:1.15.0] AndroidManifest.xml:26:5-97
28-->[androidx.core:core:1.15.0] AndroidManifest.xml:26:22-94
29
30    <application
30-->src\main\AndroidManifest.xml:12:5-32:19
31        android:name="com.example.foldercleaner.FolderCleanerApp"
31-->src\main\AndroidManifest.xml:13:9-41
32        android:allowBackup="true"
32-->src\main\AndroidManifest.xml:14:9-35
33        android:appComponentFactory="androidx.core.app.CoreComponentFactory"
33-->[androidx.core:core:1.15.0] AndroidManifest.xml:28:18-86
34        android:debuggable="true"
35        android:enableOnBackInvokedCallback="true"
35-->src\main\AndroidManifest.xml:15:9-51
36        android:extractNativeLibs="false"
37        android:icon="@mipmap/ic_launcher"
37-->src\main\AndroidManifest.xml:16:9-43
38        android:label="@string/app_name"
38-->src\main\AndroidManifest.xml:17:9-41
39        android:roundIcon="@mipmap/ic_launcher_round"
39-->src\main\AndroidManifest.xml:18:9-54
40        android:supportsRtl="true"
40-->src\main\AndroidManifest.xml:19:9-35
41        android:theme="@style/Theme.FolderCleaner" >
41-->src\main\AndroidManifest.xml:20:9-51
42        <activity
42-->src\main\AndroidManifest.xml:22:9-31:20
43            android:name="com.example.foldercleaner.MainActivity"
43-->src\main\AndroidManifest.xml:23:13-41
44            android:enableOnBackInvokedCallback="true"
44-->src\main\AndroidManifest.xml:24:13-55
45            android:exported="true" >
45-->src\main\AndroidManifest.xml:25:13-36
46            <intent-filter>
46-->src\main\AndroidManifest.xml:26:13-30:29
47                <action android:name="android.intent.action.MAIN" />
47-->src\main\AndroidManifest.xml:27:17-69
47-->src\main\AndroidManifest.xml:27:25-66
48
49                <category android:name="android.intent.category.LAUNCHER" />
49-->src\main\AndroidManifest.xml:29:17-77
49-->src\main\AndroidManifest.xml:29:27-74
50            </intent-filter>
51        </activity>
52        <activity
52-->[androidx.compose.ui:ui-tooling-android:1.7.8] AndroidManifest.xml:23:9-25:39
53            android:name="androidx.compose.ui.tooling.PreviewActivity"
53-->[androidx.compose.ui:ui-tooling-android:1.7.8] AndroidManifest.xml:24:13-71
54            android:exported="true" />
54-->[androidx.compose.ui:ui-tooling-android:1.7.8] AndroidManifest.xml:25:13-36
55        <activity
55-->[androidx.compose.ui:ui-test-manifest:1.7.8] AndroidManifest.xml:23:9-25:39
56            android:name="androidx.activity.ComponentActivity"
56-->[androidx.compose.ui:ui-test-manifest:1.7.8] AndroidManifest.xml:24:13-63
57            android:exported="true" />
57-->[androidx.compose.ui:ui-test-manifest:1.7.8] AndroidManifest.xml:25:13-36
58
59        <provider
59-->[androidx.work:work-runtime:2.10.0] AndroidManifest.xml:29:9-37:20
60            android:name="androidx.startup.InitializationProvider"
60-->[androidx.work:work-runtime:2.10.0] AndroidManifest.xml:30:13-67
61            android:authorities="com.example.foldercleaner.androidx-startup"
61-->[androidx.work:work-runtime:2.10.0] AndroidManifest.xml:31:13-68
62            android:exported="false" >
62-->[androidx.work:work-runtime:2.10.0] AndroidManifest.xml:32:13-37
63            <meta-data
63-->[androidx.work:work-runtime:2.10.0] AndroidManifest.xml:34:13-36:52
64                android:name="androidx.work.WorkManagerInitializer"
64-->[androidx.work:work-runtime:2.10.0] AndroidManifest.xml:35:17-68
65                android:value="androidx.startup" />
65-->[androidx.work:work-runtime:2.10.0] AndroidManifest.xml:36:17-49
66            <meta-data
66-->[androidx.emoji2:emoji2:1.3.0] AndroidManifest.xml:29:13-31:52
67                android:name="androidx.emoji2.text.EmojiCompatInitializer"
67-->[androidx.emoji2:emoji2:1.3.0] AndroidManifest.xml:30:17-75
68                android:value="androidx.startup" />
68-->[androidx.emoji2:emoji2:1.3.0] AndroidManifest.xml:31:17-49
69            <meta-data
69-->[androidx.lifecycle:lifecycle-process:2.8.7] AndroidManifest.xml:29:13-31:52
70                android:name="androidx.lifecycle.ProcessLifecycleInitializer"
70-->[androidx.lifecycle:lifecycle-process:2.8.7] AndroidManifest.xml:30:17-78
71                android:value="androidx.startup" />
71-->[androidx.lifecycle:lifecycle-process:2.8.7] AndroidManifest.xml:31:17-49
72            <meta-data
72-->[androidx.profileinstaller:profileinstaller:1.4.0] AndroidManifest.xml:29:13-31:52
73                android:name="androidx.profileinstaller.ProfileInstallerInitializer"
73-->[androidx.profileinstaller:profileinstaller:1.4.0] AndroidManifest.xml:30:17-85
74                android:value="androidx.startup" />
74-->[androidx.profileinstaller:profileinstaller:1.4.0] AndroidManifest.xml:31:17-49
75        </provider>
76
77        <service
77-->[androidx.work:work-runtime:2.10.0] AndroidManifest.xml:39:9-45:35
78            android:name="androidx.work.impl.background.systemalarm.SystemAlarmService"
78-->[androidx.work:work-runtime:2.10.0] AndroidManifest.xml:40:13-88
79            android:directBootAware="false"
79-->[androidx.work:work-runtime:2.10.0] AndroidManifest.xml:41:13-44
80            android:enabled="@bool/enable_system_alarm_service_default"
80-->[androidx.work:work-runtime:2.10.0] AndroidManifest.xml:42:13-72
81            android:exported="false" />
81-->[androidx.work:work-runtime:2.10.0] AndroidManifest.xml:43:13-37
82        <service
82-->[androidx.work:work-runtime:2.10.0] AndroidManifest.xml:46:9-52:35
83            android:name="androidx.work.impl.background.systemjob.SystemJobService"
83-->[androidx.work:work-runtime:2.10.0] AndroidManifest.xml:47:13-84
84            android:directBootAware="false"
84-->[androidx.work:work-runtime:2.10.0] AndroidManifest.xml:48:13-44
85            android:enabled="@bool/enable_system_job_service_default"
85-->[androidx.work:work-runtime:2.10.0] AndroidManifest.xml:49:13-70
86            android:exported="true"
86-->[androidx.work:work-runtime:2.10.0] AndroidManifest.xml:50:13-36
87            android:permission="android.permission.BIND_JOB_SERVICE" />
87-->[androidx.work:work-runtime:2.10.0] AndroidManifest.xml:51:13-69
88        <service
88-->[androidx.work:work-runtime:2.10.0] AndroidManifest.xml:53:9-59:35
89            android:name="androidx.work.impl.foreground.SystemForegroundService"
89-->[androidx.work:work-runtime:2.10.0] AndroidManifest.xml:54:13-81
90            android:directBootAware="false"
90-->[androidx.work:work-runtime:2.10.0] AndroidManifest.xml:55:13-44
91            android:enabled="@bool/enable_system_foreground_service_default"
91-->[androidx.work:work-runtime:2.10.0] AndroidManifest.xml:56:13-77
92            android:exported="false" />
92-->[androidx.work:work-runtime:2.10.0] AndroidManifest.xml:57:13-37
93
94        <receiver
94-->[androidx.work:work-runtime:2.10.0] AndroidManifest.xml:61:9-66:35
95            android:name="androidx.work.impl.utils.ForceStopRunnable$BroadcastReceiver"
95-->[androidx.work:work-runtime:2.10.0] AndroidManifest.xml:62:13-88
96            android:directBootAware="false"
96-->[androidx.work:work-runtime:2.10.0] AndroidManifest.xml:63:13-44
97            android:enabled="true"
97-->[androidx.work:work-runtime:2.10.0] AndroidManifest.xml:64:13-35
98            android:exported="false" />
98-->[androidx.work:work-runtime:2.10.0] AndroidManifest.xml:65:13-37
99        <receiver
99-->[androidx.work:work-runtime:2.10.0] AndroidManifest.xml:67:9-77:20
100            android:name="androidx.work.impl.background.systemalarm.ConstraintProxy$BatteryChargingProxy"
100-->[androidx.work:work-runtime:2.10.0] AndroidManifest.xml:68:13-106
101            android:directBootAware="false"
101-->[androidx.work:work-runtime:2.10.0] AndroidManifest.xml:69:13-44
102            android:enabled="false"
102-->[androidx.work:work-runtime:2.10.0] AndroidManifest.xml:70:13-36
103            android:exported="false" >
103-->[androidx.work:work-runtime:2.10.0] AndroidManifest.xml:71:13-37
104            <intent-filter>
104-->[androidx.work:work-runtime:2.10.0] AndroidManifest.xml:73:13-76:29
105                <action android:name="android.intent.action.ACTION_POWER_CONNECTED" />
105-->[androidx.work:work-runtime:2.10.0] AndroidManifest.xml:74:17-87
105-->[androidx.work:work-runtime:2.10.0] AndroidManifest.xml:74:25-84
106                <action android:name="android.intent.action.ACTION_POWER_DISCONNECTED" />
106-->[androidx.work:work-runtime:2.10.0] AndroidManifest.xml:75:17-90
106-->[androidx.work:work-runtime:2.10.0] AndroidManifest.xml:75:25-87
107            </intent-filter>
108        </receiver>
109        <receiver
109-->[androidx.work:work-runtime:2.10.0] AndroidManifest.xml:78:9-88:20
110            android:name="androidx.work.impl.background.systemalarm.ConstraintProxy$BatteryNotLowProxy"
110-->[androidx.work:work-runtime:2.10.0] AndroidManifest.xml:79:13-104
111            android:directBootAware="false"
111-->[androidx.work:work-runtime:2.10.0] AndroidManifest.xml:80:13-44
112            android:enabled="false"
112-->[androidx.work:work-runtime:2.10.0] AndroidManifest.xml:81:13-36
113            android:exported="false" >
113-->[androidx.work:work-runtime:2.10.0] AndroidManifest.xml:82:13-37
114            <intent-filter>
114-->[androidx.work:work-runtime:2.10.0] AndroidManifest.xml:84:13-87:29
115                <action android:name="android.intent.action.BATTERY_OKAY" />
115-->[androidx.work:work-runtime:2.10.0] AndroidManifest.xml:85:17-77
115-->[androidx.work:work-runtime:2.10.0] AndroidManifest.xml:85:25-74
116                <action android:name="android.intent.action.BATTERY_LOW" />
116-->[androidx.work:work-runtime:2.10.0] AndroidManifest.xml:86:17-76
116-->[androidx.work:work-runtime:2.10.0] AndroidManifest.xml:86:25-73
117            </intent-filter>
118        </receiver>
119        <receiver
119-->[androidx.work:work-runtime:2.10.0] AndroidManifest.xml:89:9-99:20
120            android:name="androidx.work.impl.background.systemalarm.ConstraintProxy$StorageNotLowProxy"
120-->[androidx.work:work-runtime:2.10.0] AndroidManifest.xml:90:13-104
121            android:directBootAware="false"
121-->[androidx.work:work-runtime:2.10.0] AndroidManifest.xml:91:13-44
122            android:enabled="false"
122-->[androidx.work:work-runtime:2.10.0] AndroidManifest.xml:92:13-36
123            android:exported="false" >
123-->[androidx.work:work-runtime:2.10.0] AndroidManifest.xml:93:13-37
124            <intent-filter>
124-->[androidx.work:work-runtime:2.10.0] AndroidManifest.xml:95:13-98:29
125                <action android:name="android.intent.action.DEVICE_STORAGE_LOW" />
125-->[androidx.work:work-runtime:2.10.0] AndroidManifest.xml:96:17-83
125-->[androidx.work:work-runtime:2.10.0] AndroidManifest.xml:96:25-80
126                <action android:name="android.intent.action.DEVICE_STORAGE_OK" />
126-->[androidx.work:work-runtime:2.10.0] AndroidManifest.xml:97:17-82
126-->[androidx.work:work-runtime:2.10.0] AndroidManifest.xml:97:25-79
127            </intent-filter>
128        </receiver>
129        <receiver
129-->[androidx.work:work-runtime:2.10.0] AndroidManifest.xml:100:9-109:20
130            android:name="androidx.work.impl.background.systemalarm.ConstraintProxy$NetworkStateProxy"
130-->[androidx.work:work-runtime:2.10.0] AndroidManifest.xml:101:13-103
131            android:directBootAware="false"
131-->[androidx.work:work-runtime:2.10.0] AndroidManifest.xml:102:13-44
132            android:enabled="false"
132-->[androidx.work:work-runtime:2.10.0] AndroidManifest.xml:103:13-36
133            android:exported="false" >
133-->[androidx.work:work-runtime:2.10.0] AndroidManifest.xml:104:13-37
134            <intent-filter>
134-->[androidx.work:work-runtime:2.10.0] AndroidManifest.xml:106:13-108:29
135                <action android:name="android.net.conn.CONNECTIVITY_CHANGE" />
135-->[androidx.work:work-runtime:2.10.0] AndroidManifest.xml:107:17-79
135-->[androidx.work:work-runtime:2.10.0] AndroidManifest.xml:107:25-76
136            </intent-filter>
137        </receiver>
138        <receiver
138-->[androidx.work:work-runtime:2.10.0] AndroidManifest.xml:110:9-121:20
139            android:name="androidx.work.impl.background.systemalarm.RescheduleReceiver"
139-->[androidx.work:work-runtime:2.10.0] AndroidManifest.xml:111:13-88
140            android:directBootAware="false"
140-->[androidx.work:work-runtime:2.10.0] AndroidManifest.xml:112:13-44
141            android:enabled="false"
141-->[androidx.work:work-runtime:2.10.0] AndroidManifest.xml:113:13-36
142            android:exported="false" >
142-->[androidx.work:work-runtime:2.10.0] AndroidManifest.xml:114:13-37
143            <intent-filter>
143-->[androidx.work:work-runtime:2.10.0] AndroidManifest.xml:116:13-120:29
144                <action android:name="android.intent.action.BOOT_COMPLETED" />
144-->[androidx.work:work-runtime:2.10.0] AndroidManifest.xml:117:17-79
144-->[androidx.work:work-runtime:2.10.0] AndroidManifest.xml:117:25-76
145                <action android:name="android.intent.action.TIME_SET" />
145-->[androidx.work:work-runtime:2.10.0] AndroidManifest.xml:118:17-73
145-->[androidx.work:work-runtime:2.10.0] AndroidManifest.xml:118:25-70
146                <action android:name="android.intent.action.TIMEZONE_CHANGED" />
146-->[androidx.work:work-runtime:2.10.0] AndroidManifest.xml:119:17-81
146-->[androidx.work:work-runtime:2.10.0] AndroidManifest.xml:119:25-78
147            </intent-filter>
148        </receiver>
149        <receiver
149-->[androidx.work:work-runtime:2.10.0] AndroidManifest.xml:122:9-131:20
150            android:name="androidx.work.impl.background.systemalarm.ConstraintProxyUpdateReceiver"
150-->[androidx.work:work-runtime:2.10.0] AndroidManifest.xml:123:13-99
151            android:directBootAware="false"
151-->[androidx.work:work-runtime:2.10.0] AndroidManifest.xml:124:13-44
152            android:enabled="@bool/enable_system_alarm_service_default"
152-->[androidx.work:work-runtime:2.10.0] AndroidManifest.xml:125:13-72
153            android:exported="false" >
153-->[androidx.work:work-runtime:2.10.0] AndroidManifest.xml:126:13-37
154            <intent-filter>
154-->[androidx.work:work-runtime:2.10.0] AndroidManifest.xml:128:13-130:29
155                <action android:name="androidx.work.impl.background.systemalarm.UpdateProxies" />
155-->[androidx.work:work-runtime:2.10.0] AndroidManifest.xml:129:17-98
155-->[androidx.work:work-runtime:2.10.0] AndroidManifest.xml:129:25-95
156            </intent-filter>
157        </receiver>
158        <receiver
158-->[androidx.work:work-runtime:2.10.0] AndroidManifest.xml:132:9-142:20
159            android:name="androidx.work.impl.diagnostics.DiagnosticsReceiver"
159-->[androidx.work:work-runtime:2.10.0] AndroidManifest.xml:133:13-78
160            android:directBootAware="false"
160-->[androidx.work:work-runtime:2.10.0] AndroidManifest.xml:134:13-44
161            android:enabled="true"
161-->[androidx.work:work-runtime:2.10.0] AndroidManifest.xml:135:13-35
162            android:exported="true"
162-->[androidx.work:work-runtime:2.10.0] AndroidManifest.xml:136:13-36
163            android:permission="android.permission.DUMP" >
163-->[androidx.work:work-runtime:2.10.0] AndroidManifest.xml:137:13-57
164            <intent-filter>
164-->[androidx.work:work-runtime:2.10.0] AndroidManifest.xml:139:13-141:29
165                <action android:name="androidx.work.diagnostics.REQUEST_DIAGNOSTICS" />
165-->[androidx.work:work-runtime:2.10.0] AndroidManifest.xml:140:17-88
165-->[androidx.work:work-runtime:2.10.0] AndroidManifest.xml:140:25-85
166            </intent-filter>
167        </receiver>
168
169        <service
169-->[androidx.room:room-runtime:2.6.1] AndroidManifest.xml:24:9-28:63
170            android:name="androidx.room.MultiInstanceInvalidationService"
170-->[androidx.room:room-runtime:2.6.1] AndroidManifest.xml:25:13-74
171            android:directBootAware="true"
171-->[androidx.room:room-runtime:2.6.1] AndroidManifest.xml:26:13-43
172            android:exported="false" />
172-->[androidx.room:room-runtime:2.6.1] AndroidManifest.xml:27:13-37
173
174        <receiver
174-->[androidx.profileinstaller:profileinstaller:1.4.0] AndroidManifest.xml:34:9-52:20
175            android:name="androidx.profileinstaller.ProfileInstallReceiver"
175-->[androidx.profileinstaller:profileinstaller:1.4.0] AndroidManifest.xml:35:13-76
176            android:directBootAware="false"
176-->[androidx.profileinstaller:profileinstaller:1.4.0] AndroidManifest.xml:36:13-44
177            android:enabled="true"
177-->[androidx.profileinstaller:profileinstaller:1.4.0] AndroidManifest.xml:37:13-35
178            android:exported="true"
178-->[androidx.profileinstaller:profileinstaller:1.4.0] AndroidManifest.xml:38:13-36
179            android:permission="android.permission.DUMP" >
179-->[androidx.profileinstaller:profileinstaller:1.4.0] AndroidManifest.xml:39:13-57
180            <intent-filter>
180-->[androidx.profileinstaller:profileinstaller:1.4.0] AndroidManifest.xml:40:13-42:29
181                <action android:name="androidx.profileinstaller.action.INSTALL_PROFILE" />
181-->[androidx.profileinstaller:profileinstaller:1.4.0] AndroidManifest.xml:41:17-91
181-->[androidx.profileinstaller:profileinstaller:1.4.0] AndroidManifest.xml:41:25-88
182            </intent-filter>
183            <intent-filter>
183-->[androidx.profileinstaller:profileinstaller:1.4.0] AndroidManifest.xml:43:13-45:29
184                <action android:name="androidx.profileinstaller.action.SKIP_FILE" />
184-->[androidx.profileinstaller:profileinstaller:1.4.0] AndroidManifest.xml:44:17-85
184-->[androidx.profileinstaller:profileinstaller:1.4.0] AndroidManifest.xml:44:25-82
185            </intent-filter>
186            <intent-filter>
186-->[androidx.profileinstaller:profileinstaller:1.4.0] AndroidManifest.xml:46:13-48:29
187                <action android:name="androidx.profileinstaller.action.SAVE_PROFILE" />
187-->[androidx.profileinstaller:profileinstaller:1.4.0] AndroidManifest.xml:47:17-88
187-->[androidx.profileinstaller:profileinstaller:1.4.0] AndroidManifest.xml:47:25-85
188            </intent-filter>
189            <intent-filter>
189-->[androidx.profileinstaller:profileinstaller:1.4.0] AndroidManifest.xml:49:13-51:29
190                <action android:name="androidx.profileinstaller.action.BENCHMARK_OPERATION" />
190-->[androidx.profileinstaller:profileinstaller:1.4.0] AndroidManifest.xml:50:17-95
190-->[androidx.profileinstaller:profileinstaller:1.4.0] AndroidManifest.xml:50:25-92
191            </intent-filter>
192        </receiver>
193    </application>
194
195</manifest>